2023-12-05T09:32:56.667+09:00  INFO 21136 --- [restartedMain] c.o.owsSecurity.OwsSecurityApplication   : Starting OwsSecurityApplication using Java 17.0.6 with PID 21136 (C:\Users\admin\Documents\ows\owsSecurity\target\classes started by admin in C:\Users\admin\Documents\ows\owsSecurity)
2023-12-05T09:32:56.679+09:00 DEBUG 21136 --- [restartedMain] c.o.owsSecurity.OwsSecurityApplication   : Running with Spring Boot v3.1.5, Spring v6.0.13
2023-12-05T09:32:56.685+09:00  INFO 21136 --- [restartedMain] c.o.owsSecurity.OwsSecurityApplication   : No active profile set, falling back to 1 default profile: "default"
2023-12-05T09:33:02.314+09:00  WARN 21136 --- [restartedMain] org.hibernate.orm.deprecation            : HHH90000025: MySQL8Dialect does not need to be specified explicitly using 'hibernate.dialect' (remove the property setting and it will be selected by default)
2023-12-05T09:33:02.320+09:00  WARN 21136 --- [restartedMain] org.hibernate.orm.deprecation            : HHH90000026: MySQL8Dialect has been deprecated; use org.hibernate.dialect.MySQLDialect instead
2023-12-05T09:33:04.122+09:00  WARN 21136 --- [restartedMain] JpaBaseConfiguration$JpaWebConfiguration : spring.jpa.open-in-view is enabled by default. Therefore, database queries may be performed during view rendering. Explicitly configure spring.jpa.open-in-view to disable this warning
2023-12-05T09:33:04.667+09:00  INFO 21136 --- [restartedMain] c.o.owsSecurity.OwsSecurityApplication   : Started OwsSecurityApplication in 8.805 seconds (process running for 9.87)
2023-12-05T14:26:17.295+09:00  INFO 21136 --- [http-nio-8081-exec-1] o.s.web.servlet.DispatcherServlet        : Initializing Servlet 'dispatcherServlet'
2023-12-05T14:26:17.304+09:00  INFO 21136 --- [http-nio-8081-exec-1] o.s.web.servlet.DispatcherServlet        : Completed initialization in 6 ms
2023-12-05T14:30:19.993+09:00  INFO 21136 --- [restartedMain] c.o.owsSecurity.OwsSecurityApplication   : Starting OwsSecurityApplication using Java 17.0.6 with PID 21136 (C:\Users\admin\Documents\ows\owsSecurity\target\classes started by admin in C:\Users\admin\Documents\ows\owsSecurity)
2023-12-05T14:30:19.994+09:00 DEBUG 21136 --- [restartedMain] c.o.owsSecurity.OwsSecurityApplication   : Running with Spring Boot v3.1.5, Spring v6.0.13
2023-12-05T14:30:19.995+09:00  INFO 21136 --- [restartedMain] c.o.owsSecurity.OwsSecurityApplication   : No active profile set, falling back to 1 default profile: "default"
2023-12-05T14:30:20.684+09:00  WARN 21136 --- [restartedMain] org.hibernate.orm.deprecation            : HHH90000025: MySQL8Dialect does not need to be specified explicitly using 'hibernate.dialect' (remove the property setting and it will be selected by default)
2023-12-05T14:30:20.685+09:00  WARN 21136 --- [restartedMain] org.hibernate.orm.deprecation            : HHH90000026: MySQL8Dialect has been deprecated; use org.hibernate.dialect.MySQLDialect instead
2023-12-05T14:30:20.878+09:00  WARN 21136 --- [restartedMain] JpaBaseConfiguration$JpaWebConfiguration : spring.jpa.open-in-view is enabled by default. Therefore, database queries may be performed during view rendering. Explicitly configure spring.jpa.open-in-view to disable this warning
2023-12-05T14:30:21.038+09:00  INFO 21136 --- [restartedMain] c.o.owsSecurity.OwsSecurityApplication   : Started OwsSecurityApplication in 1.102 seconds (process running for 17848.121)
2023-12-05T14:45:48.907+09:00  INFO 21136 --- [restartedMain] c.o.owsSecurity.OwsSecurityApplication   : Starting OwsSecurityApplication using Java 17.0.6 with PID 21136 (C:\Users\admin\Documents\ows\owsSecurity\target\classes started by admin in C:\Users\admin\Documents\ows\owsSecurity)
2023-12-05T14:45:48.908+09:00 DEBUG 21136 --- [restartedMain] c.o.owsSecurity.OwsSecurityApplication   : Running with Spring Boot v3.1.5, Spring v6.0.13
2023-12-05T14:45:48.908+09:00  INFO 21136 --- [restartedMain] c.o.owsSecurity.OwsSecurityApplication   : No active profile set, falling back to 1 default profile: "default"
2023-12-05T14:45:49.524+09:00  WARN 21136 --- [restartedMain] org.hibernate.orm.deprecation            : HHH90000025: MySQL8Dialect does not need to be specified explicitly using 'hibernate.dialect' (remove the property setting and it will be selected by default)
2023-12-05T14:45:49.525+09:00  WARN 21136 --- [restartedMain] org.hibernate.orm.deprecation            : HHH90000026: MySQL8Dialect has been deprecated; use org.hibernate.dialect.MySQLDialect instead
2023-12-05T14:45:49.679+09:00  WARN 21136 --- [restartedMain] JpaBaseConfiguration$JpaWebConfiguration : spring.jpa.open-in-view is enabled by default. Therefore, database queries may be performed during view rendering. Explicitly configure spring.jpa.open-in-view to disable this warning
2023-12-05T14:45:49.779+09:00  INFO 21136 --- [restartedMain] c.o.owsSecurity.OwsSecurityApplication   : Started OwsSecurityApplication in 0.913 seconds (process running for 18776.862)
2023-12-05T14:46:06.488+09:00  INFO 13360 --- [restartedMain] c.o.owsSecurity.OwsSecurityApplication   : Starting OwsSecurityApplication using Java 17.0.6 with PID 13360 (C:\Users\admin\Documents\ows\owsSecurity\target\classes started by admin in C:\Users\admin\Documents\ows\owsSecurity)
2023-12-05T14:46:06.490+09:00 DEBUG 13360 --- [restartedMain] c.o.owsSecurity.OwsSecurityApplication   : Running with Spring Boot v3.1.5, Spring v6.0.13
2023-12-05T14:46:06.492+09:00  INFO 13360 --- [restartedMain] c.o.owsSecurity.OwsSecurityApplication   : No active profile set, falling back to 1 default profile: "default"
2023-12-05T14:46:10.036+09:00  WARN 13360 --- [restartedMain] org.hibernate.orm.deprecation            : HHH90000025: MySQL8Dialect does not need to be specified explicitly using 'hibernate.dialect' (remove the property setting and it will be selected by default)
2023-12-05T14:46:10.039+09:00  WARN 13360 --- [restartedMain] org.hibernate.orm.deprecation            : HHH90000026: MySQL8Dialect has been deprecated; use org.hibernate.dialect.MySQLDialect instead
2023-12-05T14:46:11.863+09:00  WARN 13360 --- [restartedMain] JpaBaseConfiguration$JpaWebConfiguration : spring.jpa.open-in-view is enabled by default. Therefore, database queries may be performed during view rendering. Explicitly configure spring.jpa.open-in-view to disable this warning
2023-12-05T14:46:12.350+09:00  INFO 13360 --- [restartedMain] c.o.owsSecurity.OwsSecurityApplication   : Started OwsSecurityApplication in 6.409 seconds (process running for 7.135)
2023-12-05T14:48:24.179+09:00  INFO 13360 --- [http-nio-8081-exec-1] o.s.web.servlet.DispatcherServlet        : Initializing Servlet 'dispatcherServlet'
2023-12-05T14:48:24.182+09:00  INFO 13360 --- [http-nio-8081-exec-1] o.s.web.servlet.DispatcherServlet        : Completed initialization in 2 ms
